<?xml version="1.0" encoding="UTF-8"?>
<!-- Generated by org.testng.reporters.JUnitReportReporter -->
<testsuite hostname="DESKTOP-TCKKCNF" failures="0" tests="2" name="test.LoginPageTest" time="10.714" errors="0" timestamp="05 Aug 2023 07:45:37 GMT" skipped="0">
  <testcase classname="test.LoginPageTest" name="loginTest" time="5.005"/>
  <testcase classname="test.LoginPageTest" name="pageTitleTest" time="5.709"/>
</testsuite> <!-- test.LoginPageTest -->
